<?xml version="1.0" encoding="UTF-8"?>
<!-- Generated by org.testng.reporters.JUnitReportReporter -->
<testsuite hostname="DESKTOP-6AV1G2T" name="UpdateComment" tests="1" failures="0" timestamp="26 Nov 2018 00:36:13 GMT" time="2.593" errors="0">
  <testcase name="AddComment" time="2.593" classname="UpdateComment"/>
</testsuite> <!-- UpdateComment -->
