<?xml version="1.0" encoding="UTF-8"?>
<!-- Generated by org.testng.reporters.JUnitReportReporter -->
<testsuite hostname="DESKTOP-6AV1G2T" name="Comment" tests="1" failures="0" timestamp="26 Nov 2018 00:33:22 GMT" time="2.582" errors="0">
  <testcase name="AddComment" time="2.582" classname="Comment"/>
</testsuite> <!-- Comment -->
