<?xml version="1.0" encoding="UTF-8"?>
<!-- Generated by org.testng.reporters.JUnitReportReporter -->
<testsuite hostname="DESKTOP-6AV1G2T" name="Jira" tests="1" failures="0" timestamp="26 Nov 2018 00:31:08 GMT" time="2.635" errors="0">
  <testcase name="JiraAPI" time="2.635" classname="Jira"/>
</testsuite> <!-- Jira -->
