<?xml version="1.0" encoding="UTF-8"?>
<!-- Generated by org.testng.reporters.JUnitReportReporter -->
<testsuite hostname="DESKTOP-6AV1G2T" name="Basics" tests="1" failures="0" timestamp="29 Jan 2019 02:49:41 GMT" time="10.308" errors="0">
  <testcase name="Test" time="10.308" classname="Basics"/>
</testsuite> <!-- Basics -->
