<?xml version="1.0" encoding="UTF-8"?>
<!-- Generated by org.testng.reporters.JUnitReportReporter -->
<testsuite hostname="DESKTOP-6AV1G2T" name="post" tests="1" failures="0" timestamp="24 Nov 2018 23:26:28 GMT" time="2.837" errors="0">
  <testcase name="postData" time="2.837" classname="post"/>
</testsuite> <!-- post -->
